<?xml version="1.0" encoding="UTF-8"?>
<testsuite name="admintest" tests="1" skipped="0" failures="0" errors="0" timestamp="2019-11-20T20:55:33" hostname="school_dell" time="55.145">
  <properties/>
  <testcase name="admintest" classname="admintest" time="55.145"/>
  <system-out><![CDATA[]]></system-out>
  <system-err><![CDATA[Starting ChromeDriver 78.0.3904.105 (60e2d8774a8151efa6a00b1f358371b1e0e07ee2-refs/branch-heads/3904@{#877}) on port 3581
Only local connections are allowed.
Please protect ports used by ChromeDriver and related test frameworks to prevent access by malicious code.
[1574283354.137][WARNING]: Timed out connecting to Chrome, retrying...
нояб. 20, 2019 2:55:56 PM org.openqa.selenium.remote.ProtocolHandshake createSession
INFO: Detected dialect: W3C
]]></system-err>
</testsuite>
